<?xml version="1.0" encoding="UTF-8"?>
<testsuite xmlns:xsi="http://www.w3.org/2001/XMLSchema-instance" xsi:noNamespaceSchemaLocation="https://maven.apache.org/surefire/maven-surefire-plugin/xsd/surefire-test-report-3.0.xsd" version="3.0" name="TestSuite" time="118.949" tests="10" errors="0" skipped="0" failures="0">
  <properties>
[...]
</properties>
  <testcase name="runScenario[&quot;appcheck&quot;, &quot;furniture&quot;](1)" classname="com.cucumber_comprensive_assessment.Runner.Runner" time="8.85">
    <system-err><![CDATA[Starting ChromeDriver 92.0.4515.107 (87a818b10553a07434ea9e2b6dccf3cbe7895134-refs/branch-heads/4515@{#1634}) on port 36068
Only local connections are allowed.
Please see https://chromedriver.chromium.org/security-considerations for suggestions on keeping ChromeDriver safe.
ChromeDriver was started successfully.
[1632628539.621][WARNING]: This version of ChromeDriver has not been tested with Chrome version 93.
Sep 26, 2021 9:25:39 AM org.openqa.selenium.remote.ProtocolHandshake createSession
INFO: Detected dialect: W3C
log4j:WARN No appenders could be found for logger (com.cucumber_comprensive_assessment.ReusableMethods.DriverClass).
log4j:WARN Please initialize the log4j system properly.
log4j:WARN See http://logging.apache.org/log4j/1.2/faq.html#noconfig for more info.
]]></system-err>
  </testcase>
  <testcase name="runScenario[&quot;Bulkcart&quot;, &quot;furniture&quot;](2)" classname="com.cucumber_comprensive_assessment.Runner.Runner" time="19.008">
    <system-err><![CDATA[Starting ChromeDriver 92.0.4515.107 (87a818b10553a07434ea9e2b6dccf3cbe7895134-refs/branch-heads/4515@{#1634}) on port 15540
Only local connections are allowed.
Please see https://chromedriver.chromium.org/security-considerations for suggestions on keeping ChromeDriver safe.
ChromeDriver was started successfully.
[1632628547.628][WARNING]: This version of ChromeDriver has not been tested with Chrome version 93.
Sep 26, 2021 9:25:47 AM org.openqa.selenium.remote.ProtocolHandshake createSession
INFO: Detected dialect: W3C
]]></system-err>
  </testcase>
  <testcase name="runScenario[&quot;cart opertions&quot;, &quot;Furniture&quot;](3)" classname="com.cucumber_comprensive_assessment.Runner.Runner" time="7.36">
    <system-err><![CDATA[Starting ChromeDriver 92.0.4515.107 (87a818b10553a07434ea9e2b6dccf3cbe7895134-refs/branch-heads/4515@{#1634}) on port 10309
Only local connections are allowed.
Please see https://chromedriver.chromium.org/security-considerations for suggestions on keeping ChromeDriver safe.
ChromeDriver was started successfully.
[1632628566.491][WARNING]: This version of ChromeDriver has not been tested with Chrome version 93.
Sep 26, 2021 9:26:06 AM org.openqa.selenium.remote.ProtocolHandshake createSession
INFO: Detected dialect: W3C
]]></system-err>
  </testcase>
  <testcase name="runScenario[&quot;search products&quot;, &quot;Furniture&quot;](4)" classname="com.cucumber_comprensive_assessment.Runner.Runner" time="8.067">
    <system-err><![CDATA[Starting ChromeDriver 92.0.4515.107 (87a818b10553a07434ea9e2b6dccf3cbe7895134-refs/branch-heads/4515@{#1634}) on port 3823
Only local connections are allowed.
Please see https://chromedriver.chromium.org/security-considerations for suggestions on keeping ChromeDriver safe.
ChromeDriver was started successfully.
[1632628573.947][WARNING]: This version of ChromeDriver has not been tested with Chrome version 93.
Sep 26, 2021 9:26:13 AM org.openqa.selenium.remote.ProtocolHandshake createSession
INFO: Detected dialect: W3C
]]></system-err>
  </testcase>
  <testcase name="runScenario[&quot;search products&quot;, &quot;Furniture&quot;](5)" classname="com.cucumber_comprensive_assessment.Runner.Runner" time="9.396">
    <system-err><![CDATA[Starting ChromeDriver 92.0.4515.107 (87a818b10553a07434ea9e2b6dccf3cbe7895134-refs/branch-heads/4515@{#1634}) on port 27730
Only local connections are allowed.
Please see https://chromedriver.chromium.org/security-considerations for suggestions on keeping ChromeDriver safe.
ChromeDriver was started successfully.
[1632628581.961][WARNING]: This version of ChromeDriver has not been tested with Chrome version 93.
Sep 26, 2021 9:26:21 AM org.openqa.selenium.remote.ProtocolHandshake createSession
INFO: Detected dialect: W3C
]]></system-err>
  </testcase>
  <testcase name="runScenario[&quot;login&quot;, &quot;furniture&quot;](6)" classname="com.cucumber_comprensive_assessment.Runner.Runner" time="19.597">
    <system-err><![CDATA[Starting ChromeDriver 92.0.4515.107 (87a818b10553a07434ea9e2b6dccf3cbe7895134-refs/branch-heads/4515@{#1634}) on port 8580
Only local connections are allowed.
Please see https://chromedriver.chromium.org/security-considerations for suggestions on keeping ChromeDriver safe.
ChromeDriver was started successfully.
[1632628591.332][WARNING]: This version of ChromeDriver has not been tested with Chrome version 93.
Sep 26, 2021 9:26:31 AM org.openqa.selenium.remote.ProtocolHandshake createSession
INFO: Detected dialect: W3C
]]></system-err>
  </testcase>
  <testcase name="runScenario[&quot;signup&quot;, &quot;furniture&quot;](7)" classname="com.cucumber_comprensive_assessment.Runner.Runner" time="20.593">
    <system-err><![CDATA[Starting ChromeDriver 92.0.4515.107 (87a818b10553a07434ea9e2b6dccf3cbe7895134-refs/branch-heads/4515@{#1634}) on port 4508
Only local connections are allowed.
Please see https://chromedriver.chromium.org/security-considerations for suggestions on keeping ChromeDriver safe.
ChromeDriver was started successfully.
[1632628611.027][WARNING]: This version of ChromeDriver has not been tested with Chrome version 93.
Sep 26, 2021 9:26:51 AM org.openqa.selenium.remote.ProtocolHandshake createSession
INFO: Detected dialect: W3C
]]></system-err>
  </testcase>
  <testcase name="runScenario[&quot;validation&quot;, &quot;furniture&quot;](8)" classname="com.cucumber_comprensive_assessment.Runner.Runner" time="4.707">
    <system-err><![CDATA[Starting ChromeDriver 92.0.4515.107 (87a818b10553a07434ea9e2b6dccf3cbe7895134-refs/branch-heads/4515@{#1634}) on port 41830
Only local connections are allowed.
Please see https://chromedriver.chromium.org/security-considerations for suggestions on keeping ChromeDriver safe.
ChromeDriver was started successfully.
[1632628631.522][WARNING]: This version of ChromeDriver has not been tested with Chrome version 93.
Sep 26, 2021 9:27:11 AM org.openqa.selenium.remote.ProtocolHandshake createSession
INFO: Detected dialect: W3C
]]></system-err>
  </testcase>
  <testcase name="runScenario[&quot;payment&quot;, &quot;furniture&quot;](9)" classname="com.cucumber_comprensive_assessment.Runner.Runner" time="5.032">
    <system-out><![CDATA[The image alt is : Maestro color
The image alt is : Mastercard color
The image alt is : Amex color
The image alt is : Rupay color
The image alt is : Bhim upi color
]]></system-out>
    <system-err><![CDATA[Starting ChromeDriver 92.0.4515.107 (87a818b10553a07434ea9e2b6dccf3cbe7895134-refs/branch-heads/4515@{#1634}) on port 21521
Only local connections are allowed.
Please see https://chromedriver.chromium.org/security-considerations for suggestions on keeping ChromeDriver safe.
ChromeDriver was started successfully.
[1632628636.223][WARNING]: This version of ChromeDriver has not been tested with Chrome version 93.
Sep 26, 2021 9:27:16 AM org.openqa.selenium.remote.ProtocolHandshake createSession
INFO: Detected dialect: W3C
]]></system-err>
  </testcase>
  <testcase name="runScenario[&quot;popular products&quot;, &quot;Furniture&quot;](10)" classname="com.cucumber_comprensive_assessment.Runner.Runner" time="6.256">
    <system-out><![CDATA[In 2012, we started Urban Ladder with a vision - to make a million homes beautiful.
Back then, our catalogue featured just 35 designs. Yet, when our customers shared
photographs of their homes, we saw they were remarkably distinct. The same table, the
same chair was used differently by different people. This told us something. People
want their homes to be unique. We also realized that people are a lot happier creating
things than they are buying things. We are a creative, imaginative, expressive species.
And our homes are just one of the many canvases we have at our disposal.
]]></system-out>
    <system-err><![CDATA[Starting ChromeDriver 92.0.4515.107 (87a818b10553a07434ea9e2b6dccf3cbe7895134-refs/branch-heads/4515@{#1634}) on port 7977
Only local connections are allowed.
Please see https://chromedriver.chromium.org/security-considerations for suggestions on keeping ChromeDriver safe.
ChromeDriver was started successfully.
[1632628641.286][WARNING]: This version of ChromeDriver has not been tested with Chrome version 93.
Sep 26, 2021 9:27:21 AM org.openqa.selenium.remote.ProtocolHandshake createSession
INFO: Detected dialect: W3C
]]></system-err>
  </testcase>
</testsuite>